xuberservice/build/intermediates/manifest_merge_blame_file/debug/manifest-merger-blame-debug-report.txt
1<?xml version="1.0" encoding="utf-8"?>
2<manifest xmlns:android="http://schemas.android.com/apk/res/android"
3    package="com.gox.xuberservice" >
4
5    <uses-sdk
6        android:minSdkVersion="21"
6-->src\main\AndroidManifest.xml
7        android:targetSdkVersion="30" />
7-->src\main\AndroidManifest.xml
8
9    <uses-permission android:name="android.permission.ACCESS_FINE_LOCATION" />
9-->src\main\AndroidManifest.xml:4:5-79
9-->src\main\AndroidManifest.xml:4:22-76
10    <uses-permission android:name="android.permission.ACCESS_COARSE_LOCATION" />
10-->src\main\AndroidManifest.xml:5:5-81
10-->src\main\AndroidManifest.xml:5:22-78
11    <uses-permission android:name="android.permission.READ_EXTERNAL_STORAGE" />
11-->src\main\AndroidManifest.xml:6:5-80
11-->src\main\AndroidManifest.xml:6:22-77
12    <uses-permission android:name="android.permission.WRITE_EXTERNAL_STORAGE" />
12-->src\main\AndroidManifest.xml:7:5-81
12-->src\main\AndroidManifest.xml:7:22-78
13    <uses-permission android:name="android.permission.CAMERA" />
13-->src\main\AndroidManifest.xml:8:5-65
13-->src\main\AndroidManifest.xml:8:22-62
14
15    <application>
15-->src\main\AndroidManifest.xml:10:5-28:19
16        <activity
16-->src\main\AndroidManifest.xml:11:9-13:52
17            android:name="com.gox.xuberservice.xuberMainActivity.XUberDashBoardActivity"
17-->src\main\AndroidManifest.xml:12:13-89
18            android:screenOrientation="portrait" />
18-->src\main\AndroidManifest.xml:13:13-49
19        <activity
19-->src\main\AndroidManifest.xml:15:9-17:51
20            android:name="com.theartofdev.edmodo.cropper.CropImageActivity"
20-->src\main\AndroidManifest.xml:16:13-76
21            android:screenOrientation="portrait" />
21-->src\main\AndroidManifest.xml:17:13-49
22
23        <provider
23-->src\main\AndroidManifest.xml:19:9-27:20
24            android:name="androidx.core.content.FileProvider"
24-->src\main\AndroidManifest.xml:20:13-62
25            android:authorities="${applicationId}.provider"
25-->src\main\AndroidManifest.xml:21:13-60
26            android:exported="false"
26-->src\main\AndroidManifest.xml:22:13-37
27            android:grantUriPermissions="true" >
27-->src\main\AndroidManifest.xml:23:13-47
28            <meta-data
28-->src\main\AndroidManifest.xml:24:13-26:58
29                android:name="android.support.FILE_PROVIDER_PATHS"
29-->src\main\AndroidManifest.xml:25:17-67
30                android:resource="@xml/provider_paths" />
30-->src\main\AndroidManifest.xml:26:17-55
31        </provider>
32    </application>
33
34</manifest>